<?xml version="1.0" encoding="UTF-8"?>
<testsuite name="TestSuite" time="20.806" tests="3" errors="0" skipped="0" failures="2">
  <properties>
[...]
</properties>
  <testcase name="test_search_products" classname="com.automation.tests.ProductSearchTests" time="7.652">
    <failure message="The following asserts failed:&#10;	Search Result ProductName:Srhythm NC25 Active Noise Cancelling Headphones Bluetooth 5.0, ANC Stereo Headset Over-Ear with Hi-Fi,Mic,50H Playtime,Voice Assistant,Low Latency Game Mode contains no searched Productname:Srhythm NC25 Active Noise Cancelling Headphones Bluetooth 5.0, ANC Stereo Headset Over-Ear with Hi-Fi,Mic,50H Playtime,Voice Assistant,Low Latency Game Mode expected [true] but found [false]" type="java.lang.AssertionError">java.lang.AssertionError: The following asserts failed:
	Search Result ProductName:Srhythm NC25 Active Noise Cancelling Headphones Bluetooth 5.0, ANC Stereo Headset Over-Ear with Hi-Fi,Mic,50H Playtime,Voice Assistant,Low Latency Game Mode contains no searched Productname:Srhythm NC25 Active Noise Cancelling Headphones Bluetooth 5.0, ANC Stereo Headset Over-Ear with Hi-Fi,Mic,50H Playtime,Voice Assistant,Low Latency Game Mode expected [true] but found [false]
	at org.testng.asserts.SoftAssert.assertAll(SoftAssert.java:43)
	at com.automation.page.ProductPage.verifyProductSearchResults(ProductPage.java:160)
	at com.automation.tests.ProductSearchTests.test_search_products(ProductSearchTests.java:40)
</failure>
    <system-out>result Cell ://*[contains(@cel_widget_id,'MAIN-SEARCH_RESULTS-1')]
dollarSymbol: $
, dollarWholeValue: 35
, dollarFractionValue: 99
result Cell ://*[contains(@cel_widget_id,'MAIN-SEARCH_RESULTS-2')]
dollarSymbol: $
, dollarWholeValue: 59
, dollarFractionValue: 99
</system-out>
    <system-err>SLF4J: Failed to load class "org.slf4j.impl.StaticLoggerBinder".
SLF4J: Defaulting to no-operation (NOP) logger implementation
SLF4J: See http://www.slf4j.org/codes.html#StaticLoggerBinder for further details.
Starting ChromeDriver 99.0.4844.51 (d537ec02474b5afe23684e7963d538896c63ac77-refs/branch-heads/4844@{#875}) on port 45181
Only local connections are allowed.
Please see https://chromedriver.chromium.org/security-considerations for suggestions on keeping ChromeDriver safe.
ChromeDriver was started successfully.
Mar 18, 2022 11:26:48 AM org.openqa.selenium.remote.ProtocolHandshake createSession
INFO: Detected dialect: W3C
</system-err>
  </testcase>
  <testcase name="test_search_products" classname="com.automation.tests.ProductSearchTests" time="4.681">
    <failure message="The following asserts failed:&#10;	Search Result ProductName:LG Electronics 34UB88-P 34&quot; LED/LCD Monitor 34X14 HDMI USB,black contains no searched Productname:LG Electronics 34UB88-P 34&quot; LED/LCD Monitor 34X14 HDMI USB,black expected [true] but found [false],&#10;	Search Result ProductName:LG 34&quot; UltraWide IPS FreeSync LED Monitor 2560 x 1080 21:9 34WL600-B contains no searched Productname:LG 34&quot; UltraWide IPS FreeSync LED Monitor 2560 x 1080 21:9 34WL600-B expected [true] but found [false]" type="java.lang.AssertionError">java.lang.AssertionError: The following asserts failed:
	Search Result ProductName:LG Electronics 34UB88-P 34" LED/LCD Monitor 34X14 HDMI USB,black contains no searched Productname:LG Electronics 34UB88-P 34" LED/LCD Monitor 34X14 HDMI USB,black expected [true] but found [false],
	Search Result ProductName:LG 34" UltraWide IPS FreeSync LED Monitor 2560 x 1080 21:9 34WL600-B contains no searched Productname:LG 34" UltraWide IPS FreeSync LED Monitor 2560 x 1080 21:9 34WL600-B expected [true] but found [false]
	at org.testng.asserts.SoftAssert.assertAll(SoftAssert.java:43)
	at com.automation.page.ProductPage.verifyProductSearchResults(ProductPage.java:160)
	at com.automation.tests.ProductSearchTests.test_search_products(ProductSearchTests.java:40)
</failure>
    <system-out>result Cell ://*[contains(@cel_widget_id,'MAIN-SEARCH_RESULTS-1')]
dollarSymbol: $
, dollarWholeValue: 299
, dollarFractionValue: 99
result Cell ://*[contains(@cel_widget_id,'MAIN-SEARCH_RESULTS-2')]
dollarSymbol: $
, dollarWholeValue: 349
, dollarFractionValue: 99
</system-out>
  </testcase>
  <testcase name="test_sort_searched_product_by_price_high_to_low" classname="com.automation.tests.ProductSearchTests" time="8.473"/>
</testsuite>